0 info it worked if it ends with ok
1 verbose cli [ '/usr/local/Cellar/node/6.0.0/bin/node',
1 verbose cli   '/usr/local/bin/npm',
1 verbose cli   'unpublish',
1 verbose cli   'react-gc',
1 verbose cli   '--force' ]
2 info using npm@3.8.6
3 info using node@v6.0.0
4 warn using --force I sure hope you know what you are doing.
5 silly unpublish args[0] react-gc
6 silly unpublish thing Result {
6 silly unpublish   raw: 'react-gc',
6 silly unpublish   scope: null,
6 silly unpublish   name: 'react-gc',
6 silly unpublish   rawSpec: '',
6 silly unpublish   spec: 'latest',
6 silly unpublish   type: 'tag' }
7 verbose getPublishConfig null
8 silly ls normalized react-gc
9 silly gentlyRm /Users/mattcassara/.npm/react-gc is being purged
10 verbose gentlyRm don't care about contents; nuking /Users/mattcassara/.npm/react-gc
11 silly vacuum-fs purging /Users/mattcassara/.npm/react-gc
12 silly vacuum-fs quitting because other entries in /Users/mattcassara/.npm
13 silly mapToRegistry name react-gc
14 silly mapToRegistry using default registry
15 silly mapToRegistry registry https://registry.npmjs.org/
16 silly mapToRegistry data Result {
16 silly mapToRegistry   raw: 'react-gc',
16 silly mapToRegistry   scope: null,
16 silly mapToRegistry   name: 'react-gc',
16 silly mapToRegistry   rawSpec: '',
16 silly mapToRegistry   spec: 'latest',
16 silly mapToRegistry   type: 'tag' }
17 silly mapToRegistry uri https://registry.npmjs.org/react-gc
18 verbose get GET as part of write; not caching result
19 verbose request uri https://registry.npmjs.org/react-gc?write=true
20 verbose request no auth needed
21 info attempt registry request try #1 at 5:31:15 PM
22 verbose request using bearer token for auth
23 verbose request id 7d651c9a42f5fd50
24 http request GET https://registry.npmjs.org/react-gc?write=true
25 http 200 https://registry.npmjs.org/react-gc?write=true
26 verbose headers { server: 'CouchDB/1.5.0 (Erlang OTP/R16B03)',
26 verbose headers   'content-type': 'application/json',
26 verbose headers   etag: '"595bebf8-fb7"',
26 verbose headers   'content-encoding': 'gzip',
26 verbose headers   'cache-control': 'max-age=0',
26 verbose headers   'transfer-encoding': 'chunked',
26 verbose headers   'accept-ranges': 'bytes',
26 verbose headers   date: 'Tue, 04 Jul 2017 21:31:16 GMT',
26 verbose headers   via: '1.1 varnish',
26 verbose headers   connection: 'keep-alive',
26 verbose headers   'x-served-by': 'cache-ewr18136-EWR',
26 verbose headers   'x-cache': 'MISS',
26 verbose headers   'x-cache-hits': '0',
26 verbose headers   'x-timer': 'S1499203876.972756,VS0,VE83',
26 verbose headers   vary: 'Accept-Encoding' }
27 silly get cb [ 200,
27 silly get   { server: 'CouchDB/1.5.0 (Erlang OTP/R16B03)',
27 silly get     'content-type': 'application/json',
27 silly get     etag: '"595bebf8-fb7"',
27 silly get     'content-encoding': 'gzip',
27 silly get     'cache-control': 'max-age=0',
27 silly get     'transfer-encoding': 'chunked',
27 silly get     'accept-ranges': 'bytes',
27 silly get     date: 'Tue, 04 Jul 2017 21:31:16 GMT',
27 silly get     via: '1.1 varnish',
27 silly get     connection: 'keep-alive',
27 silly get     'x-served-by': 'cache-ewr18136-EWR',
27 silly get     'x-cache': 'MISS',
27 silly get     'x-cache-hits': '0',
27 silly get     'x-timer': 'S1499203876.972756,VS0,VE83',
27 silly get     vary: 'Accept-Encoding' } ]
28 verbose get saving react-gc to /Users/mattcassara/.npm/registry.npmjs.org/react-gc_3Fwrite_3Dtrue/.cache.json
29 verbose correctMkdir /Users/mattcassara/.npm correctMkdir not in flight; initializing
30 info unpublish No version specified, removing all
31 verbose request uri https://registry.npmjs.org/react-gc/-rev/11-4c518803938857dea35c20e2b27edbbd
32 verbose request sending authorization for write operation
33 info attempt registry request try #1 at 5:31:16 PM
34 verbose request using bearer token for auth
35 http request DELETE https://registry.npmjs.org/react-gc/-rev/11-4c518803938857dea35c20e2b27edbbd
36 http 503 https://registry.npmjs.org/react-gc/-rev/11-4c518803938857dea35c20e2b27edbbd
37 verbose bad json <?xml version="1.0" encoding="utf-8"?>
37 verbose bad json <!DOCTYPE html PUBLIC "-//W3C//DTD XHTML 1.0 Strict//EN"
37 verbose bad json  "http://www.w3.org/TR/xhtml1/DTD/xhtml1-strict.dtd">
37 verbose bad json <html>
37 verbose bad json   <head>
37 verbose bad json     <title>503 first byte timeout</title>
37 verbose bad json   </head>
37 verbose bad json   <body>
37 verbose bad json     <h1>Error 503 first byte timeout</h1>
37 verbose bad json     <p>first byte timeout</p>
37 verbose bad json     <h3>Guru Mediation:</h3>
37 verbose bad json     <p>Details: cache-ewr18136-EWR 1499203907 3150761153</p>
37 verbose bad json     <hr>
37 verbose bad json     <p>Varnish cache server</p>
37 verbose bad json   </body>
37 verbose bad json </html>
38 error registry error parsing json
39 verbose headers { server: 'Varnish',
39 verbose headers   'retry-after': '0',
39 verbose headers   'content-type': 'text/html; charset=utf-8',
39 verbose headers   'content-length': '449',
39 verbose headers   'accept-ranges': 'bytes',
39 verbose headers   date: 'Tue, 04 Jul 2017 21:31:47 GMT',
39 verbose headers   via: '1.1 varnish',
39 verbose headers   connection: 'close',
39 verbose headers   'x-served-by': 'cache-ewr18136-EWR',
39 verbose headers   'x-cache': 'MISS',
39 verbose headers   'x-cache-hits': '0',
39 verbose headers   'x-timer': 'S1499203876.085775,VS0,VE31040' }
40 info retry will retry, error on last attempt: SyntaxError: Unexpected token < in JSON at position 1
40 info retry
40 info retry <?xml version="1.0" encoding="utf-8"?>
40 info retry <!DOCTYPE html PUBLIC "-//W3C//DTD XHTML 1.0 Strict//EN"
40 info retry  "http://www.w3.org/TR/xhtml1/DTD/xhtml1-strict.dtd">
40 info retry <html>
40 info retry   <head>
40 info retry     <title>503 first byte timeout</title>
40 info retry   </head>
40 info retry   <body>
40 info retry     <h1>Error 503 first byte timeout</h1>
40 info retry     <p>first byte timeout</p>
40 info retry     <h3>Guru Mediation:</h3>
40 info retry     <p>Details: cache-ewr18136-EWR 1499203907 3150761153</p>
40 info retry     <hr>
40 info retry     <p>Varnish cache server</p>
40 info retry   </body>
40 info retry </html>
41 info attempt registry request try #2 at 5:31:57 PM
42 verbose request using bearer token for auth
43 http request DELETE https://registry.npmjs.org/react-gc/-rev/11-4c518803938857dea35c20e2b27edbbd
44 http 403 https://registry.npmjs.org/react-gc/-rev/11-4c518803938857dea35c20e2b27edbbd
45 verbose headers { 'content-type': 'application/json',
45 verbose headers   'cache-control': 'max-age=300',
45 verbose headers   'content-length': '102',
45 verbose headers   'accept-ranges': 'bytes',
45 verbose headers   date: 'Tue, 04 Jul 2017 21:31:57 GMT',
45 verbose headers   via: '1.1 varnish',
45 verbose headers   connection: 'keep-alive',
45 verbose headers   'x-served-by': 'cache-jfk8131-JFK',
45 verbose headers   'x-cache': 'MISS',
45 verbose headers   'x-cache-hits': '0',
45 verbose headers   'x-timer': 'S1499203917.320706,VS0,VE367',
45 verbose headers   vary: 'Accept-Encoding' }
46 verbose request invalidating /Users/mattcassara/.npm/registry.npmjs.org/react-gc on DELETE
47 verbose stack Error: you do not have permission to publish "react-gc". Are you logged in as the correct user? : react-gc
47 verbose stack     at makeError (/usr/local/lib/node_modules/npm/node_modules/npm-registry-client/lib/request.js:264:12)
47 verbose stack     at CachingRegistryClient.<anonymous> (/usr/local/lib/node_modules/npm/node_modules/npm-registry-client/lib/request.js:252:14)
47 verbose stack     at Request._callback (/usr/local/lib/node_modules/npm/node_modules/npm-registry-client/lib/request.js:172:14)
47 verbose stack     at Request.self.callback (/usr/local/lib/node_modules/npm/node_modules/request/request.js:199:22)
47 verbose stack     at emitTwo (events.js:106:13)
47 verbose stack     at Request.emit (events.js:191:7)
47 verbose stack     at Request.<anonymous> (/usr/local/lib/node_modules/npm/node_modules/request/request.js:1036:10)
47 verbose stack     at emitOne (events.js:101:20)
47 verbose stack     at Request.emit (events.js:188:7)
47 verbose stack     at IncomingMessage.<anonymous> (/usr/local/lib/node_modules/npm/node_modules/request/request.js:963:12)
48 verbose statusCode 403
49 verbose pkgid react-gc
50 verbose cwd /Users/mattcassara/Development/Personal/react-gc
51 error Darwin 16.6.0
52 error argv "/usr/local/Cellar/node/6.0.0/bin/node" "/usr/local/bin/npm" "unpublish" "react-gc" "--force"
53 error node v6.0.0
54 error npm  v3.8.6
55 error code E403
56 error you do not have permission to publish "react-gc". Are you logged in as the correct user? : react-gc
57 error If you need help, you may report this error at:
57 error     <https://github.com/npm/npm/issues>
58 verbose exit [ 1, true ]
